     1 00000000                                 [FORMAT "WCOFF"]
     2 00000000                                 [INSTRSET "i486p"]
     3 00000000                                 [OPTIMIZE 1]
     4 00000000                                 [OPTION 1]
     5 00000000                                 [BITS 32]
     6 00000000                                 	EXTERN	_table_rgb.0
     7 00000000                                 	EXTERN	_io_load_eflags
     8 00000000                                 	EXTERN	_io_cli
     9 00000000                                 	EXTERN	_io_out8
    10 00000000                                 	EXTERN	_io_store_eflags
    11 00000000                                 	EXTERN	_sheet_refresh
    12 00000000                                 	EXTERN	_hankaku
    13 00000000                                 [FILE "graphic.c"]
    14                                          [SECTION .data]
    15 00000000                                 _table_rgb.0:
    16 00000000 00                              	DB	0
    17 00000001 00                              	DB	0
    18 00000002 00                              	DB	0
    19 00000003 FF                              	DB	-1
    20 00000004 00                              	DB	0
    21 00000005 00                              	DB	0
    22 00000006 00                              	DB	0
    23 00000007 FF                              	DB	-1
    24 00000008 00                              	DB	0
    25 00000009 FF                              	DB	-1
    26 0000000A FF                              	DB	-1
    27 0000000B 00                              	DB	0
    28 0000000C 00                              	DB	0
    29 0000000D 00                              	DB	0
    30 0000000E FF                              	DB	-1
    31 0000000F FF                              	DB	-1
    32 00000010 00                              	DB	0
    33 00000011 FF                              	DB	-1
    34 00000012 00                              	DB	0
    35 00000013 FF                              	DB	-1
    36 00000014 FF                              	DB	-1
    37 00000015 FF                              	DB	-1
    38 00000016 FF                              	DB	-1
    39 00000017 FF                              	DB	-1
    40 00000018 C6                              	DB	-58
    41 00000019 C6                              	DB	-58
    42 0000001A C6                              	DB	-58
    43 0000001B 84                              	DB	-124
    44 0000001C 00                              	DB	0
    45 0000001D 00                              	DB	0
    46 0000001E 00                              	DB	0
    47 0000001F 84                              	DB	-124
    48 00000020 00                              	DB	0
    49 00000021 84                              	DB	-124
    50 00000022 84                              	DB	-124
    51 00000023 00                              	DB	0
    52 00000024 00                              	DB	0
    53 00000025 00                              	DB	0
    54 00000026 84                              	DB	-124
    55 00000027 84                              	DB	-124
    56 00000028 00                              	DB	0
    57 00000029 84                              	DB	-124
    58 0000002A 00                              	DB	0
    59 0000002B 84                              	DB	-124
    60 0000002C 84                              	DB	-124
    61 0000002D 84                              	DB	-124
    62 0000002E 84                              	DB	-124
    63 0000002F 84                              	DB	-124
    64                                          [SECTION .text]
    65 00000000                                 	GLOBAL	_init_palette
    66 00000000                                 _init_palette:
    67 00000000 55                              	PUSH	EBP
    68 00000001 89 E5                           	MOV	EBP,ESP
    69 00000003 68 [00000000]                   	PUSH	_table_rgb.0
    70 00000008 6A 0F                           	PUSH	15
    71 0000000A 6A 00                           	PUSH	0
    72 0000000C E8 00000002                     	CALL	_set_palette
    73 00000011 C9                              	LEAVE
    74 00000012 C3                              	RET
    75 00000013                                 	GLOBAL	_set_palette
    76 00000013                                 _set_palette:
    77 00000013 55                              	PUSH	EBP
    78 00000014 89 E5                           	MOV	EBP,ESP
    79 00000016 57                              	PUSH	EDI
    80 00000017 56                              	PUSH	ESI
    81 00000018 53                              	PUSH	EBX
    82 00000019 51                              	PUSH	ECX
    83 0000001A 8B 5D 08                        	MOV	EBX,DWORD [8+EBP]
    84 0000001D 8B 7D 0C                        	MOV	EDI,DWORD [12+EBP]
    85 00000020 8B 75 10                        	MOV	ESI,DWORD [16+EBP]
    86 00000023 E8 [00000000]                   	CALL	_io_load_eflags
    87 00000028 89 45 F0                        	MOV	DWORD [-16+EBP],EAX
    88 0000002B E8 [00000000]                   	CALL	_io_cli
    89 00000030 53                              	PUSH	EBX
    90 00000031 68 000003C8                     	PUSH	968
    91 00000036 E8 [00000000]                   	CALL	_io_out8
    92 0000003B 39 FB                           	CMP	EBX,EDI
    93 0000003D 58                              	POP	EAX
    94 0000003E 5A                              	POP	EDX
    95 0000003F 7E 12                           	JLE	L7
    96 00000041                                 L9:
    97 00000041 8B 45 F0                        	MOV	EAX,DWORD [-16+EBP]
    98 00000044 89 45 08                        	MOV	DWORD [8+EBP],EAX
    99 00000047 8D 65 F4                        	LEA	ESP,DWORD [-12+EBP]
   100 0000004A 5B                              	POP	EBX
   101 0000004B 5E                              	POP	ESI
   102 0000004C 5F                              	POP	EDI
   103 0000004D 5D                              	POP	EBP
   104 0000004E E9 [00000000]                   	JMP	_io_store_eflags
   105 00000053                                 L7:
   106 00000053 8A 06                           	MOV	AL,BYTE [ESI]
   107 00000055 43                              	INC	EBX
   108 00000056 C0 E8 02                        	SHR	AL,2
   109 00000059 0F B6 C0                        	MOVZX	EAX,AL
   110 0000005C 50                              	PUSH	EAX
   111 0000005D 68 000003C9                     	PUSH	969
   112 00000062 E8 [00000000]                   	CALL	_io_out8
   113 00000067 8A 46 01                        	MOV	AL,BYTE [1+ESI]
   114 0000006A C0 E8 02                        	SHR	AL,2
   115 0000006D 0F B6 C0                        	MOVZX	EAX,AL
   116 00000070 50                              	PUSH	EAX
   117 00000071 68 000003C9                     	PUSH	969
   118 00000076 E8 [00000000]                   	CALL	_io_out8
   119 0000007B 8A 46 02                        	MOV	AL,BYTE [2+ESI]
   120 0000007E C0 E8 02                        	SHR	AL,2
   121 00000081 83 C6 03                        	ADD	ESI,3
   122 00000084 0F B6 C0                        	MOVZX	EAX,AL
   123 00000087 50                              	PUSH	EAX
   124 00000088 68 000003C9                     	PUSH	969
   125 0000008D E8 [00000000]                   	CALL	_io_out8
   126 00000092 83 C4 18                        	ADD	ESP,24
   127 00000095 39 FB                           	CMP	EBX,EDI
   128 00000097 7E BA                           	JLE	L7
   129 00000099 EB A6                           	JMP	L9
   130 0000009B                                 	GLOBAL	_boxfill8
   131 0000009B                                 _boxfill8:
   132 0000009B 55                              	PUSH	EBP
   133 0000009C 89 E5                           	MOV	EBP,ESP
   134 0000009E 57                              	PUSH	EDI
   135 0000009F 56                              	PUSH	ESI
   136 000000A0 53                              	PUSH	EBX
   137 000000A1 57                              	PUSH	EDI
   138 000000A2 57                              	PUSH	EDI
   139 000000A3 8A 45 10                        	MOV	AL,BYTE [16+EBP]
   140 000000A6 8B 4D 18                        	MOV	ECX,DWORD [24+EBP]
   141 000000A9 8B 7D 1C                        	MOV	EDI,DWORD [28+EBP]
   142 000000AC 88 45 F3                        	MOV	BYTE [-13+EBP],AL
   143 000000AF 3B 4D 20                        	CMP	ECX,DWORD [32+EBP]
   144 000000B2 7F 31                           	JG	L22
   145 000000B4 8B 5D 0C                        	MOV	EBX,DWORD [12+EBP]
   146 000000B7 0F AF D9                        	IMUL	EBX,ECX
   147 000000BA                                 L20:
   148 000000BA 8B 55 14                        	MOV	EDX,DWORD [20+EBP]
   149 000000BD 39 FA                           	CMP	EDX,EDI
   150 000000BF 7F 1B                           	JG	L24
   151 000000C1 8B 75 08                        	MOV	ESI,DWORD [8+EBP]
   152 000000C4 01 DE                           	ADD	ESI,EBX
   153 000000C6 01 D6                           	ADD	ESI,EDX
   154 000000C8 89 75 EC                        	MOV	DWORD [-20+EBP],ESI
   155 000000CB                                 L19:
   156 000000CB 8B 75 EC                        	MOV	ESI,DWORD [-20+EBP]
   157 000000CE 8A 45 F3                        	MOV	AL,BYTE [-13+EBP]
   158 000000D1 42                              	INC	EDX
   159 000000D2 88 06                           	MOV	BYTE [ESI],AL
   160 000000D4 46                              	INC	ESI
   161 000000D5 89 75 EC                        	MOV	DWORD [-20+EBP],ESI
   162 000000D8 39 FA                           	CMP	EDX,EDI
   163 000000DA 7E EF                           	JLE	L19
   164 000000DC                                 L24:
   165 000000DC 41                              	INC	ECX
   166 000000DD 03 5D 0C                        	ADD	EBX,DWORD [12+EBP]
   167 000000E0 3B 4D 20                        	CMP	ECX,DWORD [32+EBP]
   168 000000E3 7E D5                           	JLE	L20
   169 000000E5                                 L22:
   170 000000E5 5B                              	POP	EBX
   171 000000E6 5E                              	POP	ESI
   172 000000E7 5B                              	POP	EBX
   173 000000E8 5E                              	POP	ESI
   174 000000E9 5F                              	POP	EDI
   175 000000EA 5D                              	POP	EBP
   176 000000EB C3                              	RET
   177 000000EC                                 	GLOBAL	_init_screen8
   178 000000EC                                 _init_screen8:
   179 000000EC 55                              	PUSH	EBP
   180 000000ED 89 E5                           	MOV	EBP,ESP
   181 000000EF 57                              	PUSH	EDI
   182 000000F0 56                              	PUSH	ESI
   183 000000F1 53                              	PUSH	EBX
   184 000000F2 83 EC 0C                        	SUB	ESP,12
   185 000000F5 8B 45 10                        	MOV	EAX,DWORD [16+EBP]
   186 000000F8 8B 7D 0C                        	MOV	EDI,DWORD [12+EBP]
   187 000000FB 83 E8 1D                        	SUB	EAX,29
   188 000000FE 4F                              	DEC	EDI
   189 000000FF 50                              	PUSH	EAX
   190 00000100 57                              	PUSH	EDI
   191 00000101 6A 00                           	PUSH	0
   192 00000103 6A 00                           	PUSH	0
   193 00000105 6A 0E                           	PUSH	14
   194 00000107 FF 75 0C                        	PUSH	DWORD [12+EBP]
   195 0000010A FF 75 08                        	PUSH	DWORD [8+EBP]
   196 0000010D E8 FFFFFF89                     	CALL	_boxfill8
   197 00000112 8B 45 10                        	MOV	EAX,DWORD [16+EBP]
   198 00000115 83 E8 1C                        	SUB	EAX,28
   199 00000118 50                              	PUSH	EAX
   200 00000119 57                              	PUSH	EDI
   201 0000011A 50                              	PUSH	EAX
   202 0000011B 6A 00                           	PUSH	0
   203 0000011D 6A 08                           	PUSH	8
   204 0000011F FF 75 0C                        	PUSH	DWORD [12+EBP]
   205 00000122 FF 75 08                        	PUSH	DWORD [8+EBP]
   206 00000125 E8 FFFFFF71                     	CALL	_boxfill8
   207 0000012A 8B 45 10                        	MOV	EAX,DWORD [16+EBP]
   208 0000012D 83 C4 38                        	ADD	ESP,56
   209 00000130 83 E8 1B                        	SUB	EAX,27
   210 00000133 50                              	PUSH	EAX
   211 00000134 57                              	PUSH	EDI
   212 00000135 50                              	PUSH	EAX
   213 00000136 6A 00                           	PUSH	0
   214 00000138 6A 07                           	PUSH	7
   215 0000013A FF 75 0C                        	PUSH	DWORD [12+EBP]
   216 0000013D FF 75 08                        	PUSH	DWORD [8+EBP]
   217 00000140 E8 FFFFFF56                     	CALL	_boxfill8
   218 00000145 8B 45 10                        	MOV	EAX,DWORD [16+EBP]
   219 00000148 48                              	DEC	EAX
   220 00000149 50                              	PUSH	EAX
   221 0000014A 8B 45 10                        	MOV	EAX,DWORD [16+EBP]
   222 0000014D 57                              	PUSH	EDI
   223 0000014E 83 E8 1A                        	SUB	EAX,26
   224 00000151 50                              	PUSH	EAX
   225 00000152 6A 00                           	PUSH	0
   226 00000154 6A 08                           	PUSH	8
   227 00000156 FF 75 0C                        	PUSH	DWORD [12+EBP]
   228 00000159 FF 75 08                        	PUSH	DWORD [8+EBP]
   229 0000015C E8 FFFFFF3A                     	CALL	_boxfill8
   230 00000161 8B 75 10                        	MOV	ESI,DWORD [16+EBP]
   231 00000164 83 C4 38                        	ADD	ESP,56
   232 00000167 83 EE 18                        	SUB	ESI,24
   233 0000016A 56                              	PUSH	ESI
   234 0000016B 6A 3B                           	PUSH	59
   235 0000016D 56                              	PUSH	ESI
   236 0000016E 6A 03                           	PUSH	3
   237 00000170 6A 07                           	PUSH	7
   238 00000172 FF 75 0C                        	PUSH	DWORD [12+EBP]
   239 00000175 FF 75 08                        	PUSH	DWORD [8+EBP]
   240 00000178 E8 FFFFFF1E                     	CALL	_boxfill8
   241 0000017D 8B 45 10                        	MOV	EAX,DWORD [16+EBP]
   242 00000180 83 E8 04                        	SUB	EAX,4
   243 00000183 50                              	PUSH	EAX
   244 00000184 89 45 F0                        	MOV	DWORD [-16+EBP],EAX
   245 00000187 6A 02                           	PUSH	2
   246 00000189 56                              	PUSH	ESI
   247 0000018A 6A 02                           	PUSH	2
   248 0000018C 6A 07                           	PUSH	7
   249 0000018E FF 75 0C                        	PUSH	DWORD [12+EBP]
   250 00000191 FF 75 08                        	PUSH	DWORD [8+EBP]
   251 00000194 E8 FFFFFF02                     	CALL	_boxfill8
   252 00000199 83 C4 38                        	ADD	ESP,56
   253 0000019C FF 75 F0                        	PUSH	DWORD [-16+EBP]
   254 0000019F 6A 3B                           	PUSH	59
   255 000001A1 FF 75 F0                        	PUSH	DWORD [-16+EBP]
   256 000001A4 6A 03                           	PUSH	3
   257 000001A6 6A 0F                           	PUSH	15
   258 000001A8 FF 75 0C                        	PUSH	DWORD [12+EBP]
   259 000001AB FF 75 08                        	PUSH	DWORD [8+EBP]
   260 000001AE E8 FFFFFEE8                     	CALL	_boxfill8
   261 000001B3 8B 45 10                        	MOV	EAX,DWORD [16+EBP]
   262 000001B6 83 E8 05                        	SUB	EAX,5
   263 000001B9 50                              	PUSH	EAX
   264 000001BA 8B 45 10                        	MOV	EAX,DWORD [16+EBP]
   265 000001BD 6A 3B                           	PUSH	59
   266 000001BF 83 E8 17                        	SUB	EAX,23
   267 000001C2 50                              	PUSH	EAX
   268 000001C3 89 45 EC                        	MOV	DWORD [-20+EBP],EAX
   269 000001C6 6A 3B                           	PUSH	59
   270 000001C8 6A 0F                           	PUSH	15
   271 000001CA FF 75 0C                        	PUSH	DWORD [12+EBP]
   272 000001CD FF 75 08                        	PUSH	DWORD [8+EBP]
   273 000001D0 E8 FFFFFEC6                     	CALL	_boxfill8
   274 000001D5 8B 45 10                        	MOV	EAX,DWORD [16+EBP]
   275 000001D8 83 C4 38                        	ADD	ESP,56
   276 000001DB 83 E8 03                        	SUB	EAX,3
   277 000001DE 89 45 E8                        	MOV	DWORD [-24+EBP],EAX
   278 000001E1 50                              	PUSH	EAX
   279 000001E2 6A 3B                           	PUSH	59
   280 000001E4 50                              	PUSH	EAX
   281 000001E5 6A 02                           	PUSH	2
   282 000001E7 6A 00                           	PUSH	0
   283 000001E9 FF 75 0C                        	PUSH	DWORD [12+EBP]
   284 000001EC FF 75 08                        	PUSH	DWORD [8+EBP]
   285 000001EF E8 FFFFFEA7                     	CALL	_boxfill8
   286 000001F4 FF 75 E8                        	PUSH	DWORD [-24+EBP]
   287 000001F7 6A 3C                           	PUSH	60
   288 000001F9 56                              	PUSH	ESI
   289 000001FA 6A 3C                           	PUSH	60
   290 000001FC 6A 00                           	PUSH	0
   291 000001FE FF 75 0C                        	PUSH	DWORD [12+EBP]
   292 00000201 FF 75 08                        	PUSH	DWORD [8+EBP]
   293 00000204 E8 FFFFFE92                     	CALL	_boxfill8
   294 00000209 8B 7D 0C                        	MOV	EDI,DWORD [12+EBP]
   295 0000020C 83 C4 38                        	ADD	ESP,56
   296 0000020F 8B 5D 0C                        	MOV	EBX,DWORD [12+EBP]
   297 00000212 83 EB 04                        	SUB	EBX,4
   298 00000215 83 EF 50                        	SUB	EDI,80
   299 00000218 56                              	PUSH	ESI
   300 00000219 53                              	PUSH	EBX
   301 0000021A 56                              	PUSH	ESI
   302 0000021B 57                              	PUSH	EDI
   303 0000021C 6A 0F                           	PUSH	15
   304 0000021E FF 75 0C                        	PUSH	DWORD [12+EBP]
   305 00000221 FF 75 08                        	PUSH	DWORD [8+EBP]
   306 00000224 E8 FFFFFE72                     	CALL	_boxfill8
   307 00000229 FF 75 F0                        	PUSH	DWORD [-16+EBP]
   308 0000022C 57                              	PUSH	EDI
   309 0000022D FF 75 EC                        	PUSH	DWORD [-20+EBP]
   310 00000230 57                              	PUSH	EDI
   311 00000231 6A 0F                           	PUSH	15
   312 00000233 FF 75 0C                        	PUSH	DWORD [12+EBP]
   313 00000236 FF 75 08                        	PUSH	DWORD [8+EBP]
   314 00000239 E8 FFFFFE5D                     	CALL	_boxfill8
   315 0000023E 83 C4 38                        	ADD	ESP,56
   316 00000241 FF 75 E8                        	PUSH	DWORD [-24+EBP]
   317 00000244 53                              	PUSH	EBX
   318 00000245 FF 75 E8                        	PUSH	DWORD [-24+EBP]
   319 00000248 57                              	PUSH	EDI
   320 00000249 6A 07                           	PUSH	7
   321 0000024B FF 75 0C                        	PUSH	DWORD [12+EBP]
   322 0000024E FF 75 08                        	PUSH	DWORD [8+EBP]
   323 00000251 E8 FFFFFE45                     	CALL	_boxfill8
   324 00000256 8B 45 0C                        	MOV	EAX,DWORD [12+EBP]
   325 00000259 FF 75 E8                        	PUSH	DWORD [-24+EBP]
   326 0000025C 83 E8 03                        	SUB	EAX,3
   327 0000025F 50                              	PUSH	EAX
   328 00000260 56                              	PUSH	ESI
   329 00000261 50                              	PUSH	EAX
   330 00000262 6A 07                           	PUSH	7
   331 00000264 FF 75 0C                        	PUSH	DWORD [12+EBP]
   332 00000267 FF 75 08                        	PUSH	DWORD [8+EBP]
   333 0000026A E8 FFFFFE2C                     	CALL	_boxfill8
   334 0000026F 83 C4 38                        	ADD	ESP,56
   335 00000272 6A 64                           	PUSH	100
   336 00000274 6A 64                           	PUSH	100
   337 00000276 6A 28                           	PUSH	40
   338 00000278 6A 28                           	PUSH	40
   339 0000027A 6A 05                           	PUSH	5
   340 0000027C FF 75 0C                        	PUSH	DWORD [12+EBP]
   341 0000027F FF 75 08                        	PUSH	DWORD [8+EBP]
   342 00000282 E8 FFFFFE14                     	CALL	_boxfill8
   343 00000287 8D 65 F4                        	LEA	ESP,DWORD [-12+EBP]
   344 0000028A 5B                              	POP	EBX
   345 0000028B 5E                              	POP	ESI
   346 0000028C 5F                              	POP	EDI
   347 0000028D 5D                              	POP	EBP
   348 0000028E C3                              	RET
   349 0000028F                                 	GLOBAL	_draw_button
   350 0000028F                                 _draw_button:
   351 0000028F 55                              	PUSH	EBP
   352 00000290 83 C9 FF                        	OR	ECX,-1
   353 00000293 89 E5                           	MOV	EBP,ESP
   354 00000295 57                              	PUSH	EDI
   355 00000296 56                              	PUSH	ESI
   356 00000297 53                              	PUSH	EBX
   357 00000298 83 EC 0C                        	SUB	ESP,12
   358 0000029B 8B 45 08                        	MOV	EAX,DWORD [8+EBP]
   359 0000029E 8B 55 14                        	MOV	EDX,DWORD [20+EBP]
   360 000002A1 FC                              	CLD
   361 000002A2 8B 00                           	MOV	EAX,DWORD [EAX]
   362 000002A4 89 D7                           	MOV	EDI,EDX
   363 000002A6 89 45 F0                        	MOV	DWORD [-16+EBP],EAX
   364 000002A9 8B 5D 10                        	MOV	EBX,DWORD [16+EBP]
   365 000002AC 31 C0                           	XOR	EAX,EAX
   366 000002AE 83 C3 14                        	ADD	EBX,20
   367 000002B1 F2                              	REPNE
   368 000002B2 AE                              	SCASB
   369 000002B3 8B 45 0C                        	MOV	EAX,DWORD [12+EBP]
   370 000002B6 53                              	PUSH	EBX
   371 000002B7 F7 D1                           	NOT	ECX
   372 000002B9 8B 7D 08                        	MOV	EDI,DWORD [8+EBP]
   373 000002BC 8D 74 C8 02                     	LEA	ESI,DWORD [2+EAX+ECX*8]
   374 000002C0 56                              	PUSH	ESI
   375 000002C1 FF 75 10                        	PUSH	DWORD [16+EBP]
   376 000002C4 50                              	PUSH	EAX
   377 000002C5 0F B6 45 1C                     	MOVZX	EAX,BYTE [28+EBP]
   378 000002C9 50                              	PUSH	EAX
   379 000002CA FF 77 04                        	PUSH	DWORD [4+EDI]
   380 000002CD FF 75 F0                        	PUSH	DWORD [-16+EBP]
   381 000002D0 E8 FFFFFDC6                     	CALL	_boxfill8
   382 000002D5 8B 45 10                        	MOV	EAX,DWORD [16+EBP]
   383 000002D8 40                              	INC	EAX
   384 000002D9 50                              	PUSH	EAX
   385 000002DA 56                              	PUSH	ESI
   386 000002DB FF 75 10                        	PUSH	DWORD [16+EBP]
   387 000002DE FF 75 0C                        	PUSH	DWORD [12+EBP]
   388 000002E1 6A 07                           	PUSH	7
   389 000002E3 FF 77 04                        	PUSH	DWORD [4+EDI]
   390 000002E6 FF 75 F0                        	PUSH	DWORD [-16+EBP]
   391 000002E9 E8 FFFFFDAD                     	CALL	_boxfill8
   392 000002EE 8B 45 0C                        	MOV	EAX,DWORD [12+EBP]
   393 000002F1 83 C4 38                        	ADD	ESP,56
   394 000002F4 40                              	INC	EAX
   395 000002F5 53                              	PUSH	EBX
   396 000002F6 50                              	PUSH	EAX
   397 000002F7 FF 75 10                        	PUSH	DWORD [16+EBP]
   398 000002FA FF 75 0C                        	PUSH	DWORD [12+EBP]
   399 000002FD 6A 07                           	PUSH	7
   400 000002FF FF 77 04                        	PUSH	DWORD [4+EDI]
   401 00000302 FF 75 F0                        	PUSH	DWORD [-16+EBP]
   402 00000305 E8 FFFFFD91                     	CALL	_boxfill8
   403 0000030A 8B 45 10                        	MOV	EAX,DWORD [16+EBP]
   404 0000030D 53                              	PUSH	EBX
   405 0000030E 83 C0 13                        	ADD	EAX,19
   406 00000311 56                              	PUSH	ESI
   407 00000312 50                              	PUSH	EAX
   408 00000313 FF 75 0C                        	PUSH	DWORD [12+EBP]
   409 00000316 6A 07                           	PUSH	7
   410 00000318 FF 77 04                        	PUSH	DWORD [4+EDI]
   411 0000031B FF 75 F0                        	PUSH	DWORD [-16+EBP]
   412 0000031E E8 FFFFFD78                     	CALL	_boxfill8
   413 00000323 8D 46 FF                        	LEA	EAX,DWORD [-1+ESI]
   414 00000326 83 C4 38                        	ADD	ESP,56
   415 00000329 53                              	PUSH	EBX
   416 0000032A 56                              	PUSH	ESI
   417 0000032B FF 75 10                        	PUSH	DWORD [16+EBP]
   418 0000032E 50                              	PUSH	EAX
   419 0000032F 6A 07                           	PUSH	7
   420 00000331 FF 77 04                        	PUSH	DWORD [4+EDI]
   421 00000334 FF 75 F0                        	PUSH	DWORD [-16+EBP]
   422 00000337 E8 FFFFFD5F                     	CALL	_boxfill8
   423 0000033C 31 C0                           	XOR	EAX,EAX
   424 0000033E FC                              	CLD
   425 0000033F 8B 7D 14                        	MOV	EDI,DWORD [20+EBP]
   426 00000342 83 C9 FF                        	OR	ECX,-1
   427 00000345 F2                              	REPNE
   428 00000346 AE                              	SCASB
   429 00000347 F7 D1                           	NOT	ECX
   430 00000349 49                              	DEC	ECX
   431 0000034A 8B 7D 10                        	MOV	EDI,DWORD [16+EBP]
   432 0000034D 51                              	PUSH	ECX
   433 0000034E 8B 45 0C                        	MOV	EAX,DWORD [12+EBP]
   434 00000351 FF 75 14                        	PUSH	DWORD [20+EBP]
   435 00000354 FF 75 1C                        	PUSH	DWORD [28+EBP]
   436 00000357 FF 75 18                        	PUSH	DWORD [24+EBP]
   437 0000035A 83 C7 02                        	ADD	EDI,2
   438 0000035D 83 C0 05                        	ADD	EAX,5
   439 00000360 57                              	PUSH	EDI
   440 00000361 50                              	PUSH	EAX
   441 00000362 FF 75 08                        	PUSH	DWORD [8+EBP]
   442 00000365 E8 000000D1                     	CALL	_putfonts8_asc_sht
   443 0000036A 8D 65 F4                        	LEA	ESP,DWORD [-12+EBP]
   444 0000036D 5B                              	POP	EBX
   445 0000036E 5E                              	POP	ESI
   446 0000036F 5F                              	POP	EDI
   447 00000370 5D                              	POP	EBP
   448 00000371 C3                              	RET
   449 00000372                                 	GLOBAL	_draw_arrow
   450 00000372                                 _draw_arrow:
   451 00000372 55                              	PUSH	EBP
   452 00000373 89 E5                           	MOV	EBP,ESP
   453 00000375 57                              	PUSH	EDI
   454 00000376 56                              	PUSH	ESI
   455 00000377 53                              	PUSH	EBX
   456 00000378 50                              	PUSH	EAX
   457 00000379 50                              	PUSH	EAX
   458 0000037A 8B 75 18                        	MOV	ESI,DWORD [24+EBP]
   459 0000037D 8B 5D 14                        	MOV	EBX,DWORD [20+EBP]
   460 00000380 56                              	PUSH	ESI
   461 00000381 8B 7D 0C                        	MOV	EDI,DWORD [12+EBP]
   462 00000384 53                              	PUSH	EBX
   463 00000385 29 FB                           	SUB	EBX,EDI
   464 00000387 FF 75 10                        	PUSH	DWORD [16+EBP]
   465 0000038A 57                              	PUSH	EDI
   466 0000038B 0F B6 45 20                     	MOVZX	EAX,BYTE [32+EBP]
   467 0000038F 50                              	PUSH	EAX
   468 00000390 8B 45 08                        	MOV	EAX,DWORD [8+EBP]
   469 00000393 FF 70 04                        	PUSH	DWORD [4+EAX]
   470 00000396 FF 30                           	PUSH	DWORD [EAX]
   471 00000398 E8 FFFFFCFE                     	CALL	_boxfill8
   472 0000039D B9 0000000A                     	MOV	ECX,10
   473 000003A2 2B 75 10                        	SUB	ESI,DWORD [16+EBP]
   474 000003A5 89 F0                           	MOV	EAX,ESI
   475 000003A7 99                              	CDQ
   476 000003A8 F7 F9                           	IDIV	ECX
   477 000003AA 89 C6                           	MOV	ESI,EAX
   478 000003AC 89 D8                           	MOV	EAX,EBX
   479 000003AE 99                              	CDQ
   480 000003AF F7 F9                           	IDIV	ECX
   481 000003B1 89 C3                           	MOV	EBX,EAX
   482 000003B3 6B C6 0A                        	IMUL	EAX,ESI,10
   483 000003B6 03 45 10                        	ADD	EAX,DWORD [16+EBP]
   484 000003B9 8D 14 DF                        	LEA	EDX,DWORD [EDI+EBX*8]
   485 000003BC 89 55 F0                        	MOV	DWORD [-16+EBP],EDX
   486 000003BF 50                              	PUSH	EAX
   487 000003C0 01 DB                           	ADD	EBX,EBX
   488 000003C2 52                              	PUSH	EDX
   489 000003C3 01 DF                           	ADD	EDI,EBX
   490 000003C5 8B 55 10                        	MOV	EDX,DWORD [16+EBP]
   491 000003C8 8D 04 B2                        	LEA	EAX,DWORD [EDX+ESI*4]
   492 000003CB 50                              	PUSH	EAX
   493 000003CC 57                              	PUSH	EDI
   494 000003CD 31 FF                           	XOR	EDI,EDI
   495 000003CF 0F B6 45 1C                     	MOVZX	EAX,BYTE [28+EBP]
   496 000003D3 50                              	PUSH	EAX
   497 000003D4 8B 45 08                        	MOV	EAX,DWORD [8+EBP]
   498 000003D7 FF 70 04                        	PUSH	DWORD [4+EAX]
   499 000003DA FF 30                           	PUSH	DWORD [EAX]
   500 000003DC E8 FFFFFCBA                     	CALL	_boxfill8
   501 000003E1 83 C4 38                        	ADD	ESP,56
   502 000003E4 03 75 10                        	ADD	ESI,DWORD [16+EBP]
   503 000003E7 39 DF                           	CMP	EDI,EBX
   504 000003E9 89 75 EC                        	MOV	DWORD [-20+EBP],ESI
   505 000003EC 7F 3A                           	JG	L43
   506 000003EE                                 L41:
   507 000003EE 31 F6                           	XOR	ESI,ESI
   508 000003F0 F7 C3 40000000                  	TEST	EBX,1073741824
   509 000003F6 75 2B                           	JNE	L45
   510 000003F8                                 L40:
   511 000003F8 39 DE                           	CMP	ESI,EBX
   512 000003FA 7F 34                           	JG	L36
   513 000003FC 39 F7                           	CMP	EDI,ESI
   514 000003FE 7F 1B                           	JG	L34
   515 00000400                                 L46:
   516 00000400 8B 55 08                        	MOV	EDX,DWORD [8+EBP]
   517 00000403 8B 45 EC                        	MOV	EAX,DWORD [-20+EBP]
   518 00000406 01 F0                           	ADD	EAX,ESI
   519 00000408 0F AF 42 04                     	IMUL	EAX,DWORD [4+EDX]
   520 0000040C 8B 0A                           	MOV	ECX,DWORD [EDX]
   521 0000040E 8B 55 F0                        	MOV	EDX,DWORD [-16+EBP]
   522 00000411 01 FA                           	ADD	EDX,EDI
   523 00000413 01 C2                           	ADD	EDX,EAX
   524 00000415 8A 45 1C                        	MOV	AL,BYTE [28+EBP]
   525 00000418 88 04 0A                        	MOV	BYTE [EDX+ECX*1],AL
   526 0000041B                                 L34:
   527 0000041B 46                              	INC	ESI
   528 0000041C 8D 04 1B                        	LEA	EAX,DWORD [EBX+EBX*1]
   529 0000041F 39 C6                           	CMP	ESI,EAX
   530 00000421 7E D5                           	JLE	L40
   531 00000423                                 L45:
   532 00000423 47                              	INC	EDI
   533 00000424 39 DF                           	CMP	EDI,EBX
   534 00000426 7E C6                           	JLE	L41
   535 00000428                                 L43:
   536 00000428 8D 65 F4                        	LEA	ESP,DWORD [-12+EBP]
   537 0000042B 5B                              	POP	EBX
   538 0000042C 5E                              	POP	ESI
   539 0000042D 5F                              	POP	EDI
   540 0000042E 5D                              	POP	EBP
   541 0000042F C3                              	RET
   542 00000430                                 L36:
   543 00000430 8D 04 1B                        	LEA	EAX,DWORD [EBX+EBX*1]
   544 00000433 29 F0                           	SUB	EAX,ESI
   545 00000435 39 F8                           	CMP	EAX,EDI
   546 00000437 7C E2                           	JL	L34
   547 00000439 EB C5                           	JMP	L46
   548 0000043B                                 	GLOBAL	_putfonts8_asc_sht
   549 0000043B                                 _putfonts8_asc_sht:
   550 0000043B 55                              	PUSH	EBP
   551 0000043C 89 E5                           	MOV	EBP,ESP
   552 0000043E 57                              	PUSH	EDI
   553 0000043F 56                              	PUSH	ESI
   554 00000440 53                              	PUSH	EBX
   555 00000441 83 EC 0C                        	SUB	ESP,12
   556 00000444 8B 45 08                        	MOV	EAX,DWORD [8+EBP]
   557 00000447 8B 7D 10                        	MOV	EDI,DWORD [16+EBP]
   558 0000044A 89 45 F0                        	MOV	DWORD [-16+EBP],EAX
   559 0000044D 8B 5D 14                        	MOV	EBX,DWORD [20+EBP]
   560 00000450 8B 45 0C                        	MOV	EAX,DWORD [12+EBP]
   561 00000453 89 45 EC                        	MOV	DWORD [-20+EBP],EAX
   562 00000456 8B 45 1C                        	MOV	EAX,DWORD [28+EBP]
   563 00000459 89 45 E8                        	MOV	DWORD [-24+EBP],EAX
   564 0000045C 8D 47 0F                        	LEA	EAX,DWORD [15+EDI]
   565 0000045F 50                              	PUSH	EAX
   566 00000460 8B 45 EC                        	MOV	EAX,DWORD [-20+EBP]
   567 00000463 8B 75 20                        	MOV	ESI,DWORD [32+EBP]
   568 00000466 0F BE DB                        	MOVSX	EBX,BL
   569 00000469 8D 34 F0                        	LEA	ESI,DWORD [EAX+ESI*8]
   570 0000046C 8D 46 FF                        	LEA	EAX,DWORD [-1+ESI]
   571 0000046F 50                              	PUSH	EAX
   572 00000470 57                              	PUSH	EDI
   573 00000471 FF 75 EC                        	PUSH	DWORD [-20+EBP]
   574 00000474 0F B6 45 18                     	MOVZX	EAX,BYTE [24+EBP]
   575 00000478 50                              	PUSH	EAX
   576 00000479 8B 45 F0                        	MOV	EAX,DWORD [-16+EBP]
   577 0000047C FF 70 04                        	PUSH	DWORD [4+EAX]
   578 0000047F FF 30                           	PUSH	DWORD [EAX]
   579 00000481 E8 FFFFFC15                     	CALL	_boxfill8
   580 00000486 FF 75 E8                        	PUSH	DWORD [-24+EBP]
   581 00000489 53                              	PUSH	EBX
   582 0000048A 57                              	PUSH	EDI
   583 0000048B FF 75 EC                        	PUSH	DWORD [-20+EBP]
   584 0000048E 8B 45 F0                        	MOV	EAX,DWORD [-16+EBP]
   585 00000491 FF 70 04                        	PUSH	DWORD [4+EAX]
   586 00000494 FF 30                           	PUSH	DWORD [EAX]
   587 00000496 E8 000000AD                     	CALL	_putfonts8_asc
   588 0000049B 89 7D 10                        	MOV	DWORD [16+EBP],EDI
   589 0000049E 8D 47 10                        	LEA	EAX,DWORD [16+EDI]
   590 000004A1 89 75 14                        	MOV	DWORD [20+EBP],ESI
   591 000004A4 89 45 18                        	MOV	DWORD [24+EBP],EAX
   592 000004A7 83 C4 34                        	ADD	ESP,52
   593 000004AA 8B 45 EC                        	MOV	EAX,DWORD [-20+EBP]
   594 000004AD 89 45 0C                        	MOV	DWORD [12+EBP],EAX
   595 000004B0 8B 45 F0                        	MOV	EAX,DWORD [-16+EBP]
   596 000004B3 89 45 08                        	MOV	DWORD [8+EBP],EAX
   597 000004B6 8D 65 F4                        	LEA	ESP,DWORD [-12+EBP]
   598 000004B9 5B                              	POP	EBX
   599 000004BA 5E                              	POP	ESI
   600 000004BB 5F                              	POP	EDI
   601 000004BC 5D                              	POP	EBP
   602 000004BD E9 [00000000]                   	JMP	_sheet_refresh
   603 000004C2                                 	GLOBAL	_putfont8
   604 000004C2                                 _putfont8:
   605 000004C2 55                              	PUSH	EBP
   606 000004C3 89 E5                           	MOV	EBP,ESP
   607 000004C5 57                              	PUSH	EDI
   608 000004C6 56                              	PUSH	ESI
   609 000004C7 31 F6                           	XOR	ESI,ESI
   610 000004C9 53                              	PUSH	EBX
   611 000004CA 8B 7D 1C                        	MOV	EDI,DWORD [28+EBP]
   612 000004CD 8A 5D 18                        	MOV	BL,BYTE [24+EBP]
   613 000004D0                                 L61:
   614 000004D0 8B 45 14                        	MOV	EAX,DWORD [20+EBP]
   615 000004D3 8B 55 10                        	MOV	EDX,DWORD [16+EBP]
   616 000004D6 01 F0                           	ADD	EAX,ESI
   617 000004D8 0F AF 45 0C                     	IMUL	EAX,DWORD [12+EBP]
   618 000004DC 03 45 08                        	ADD	EAX,DWORD [8+EBP]
   619 000004DF 8D 0C 02                        	LEA	ECX,DWORD [EDX+EAX*1]
   620 000004E2 8A 14 3E                        	MOV	DL,BYTE [ESI+EDI*1]
   621 000004E5 84 D2                           	TEST	DL,DL
   622 000004E7 79 02                           	JNS	L53
   623 000004E9 88 19                           	MOV	BYTE [ECX],BL
   624 000004EB                                 L53:
   625 000004EB 88 D0                           	MOV	AL,DL
   626 000004ED 83 E0 40                        	AND	EAX,64
   627 000004F0 84 C0                           	TEST	AL,AL
   628 000004F2 74 03                           	JE	L54
   629 000004F4 88 59 01                        	MOV	BYTE [1+ECX],BL
   630 000004F7                                 L54:
   631 000004F7 88 D0                           	MOV	AL,DL
   632 000004F9 83 E0 20                        	AND	EAX,32
   633 000004FC 84 C0                           	TEST	AL,AL
   634 000004FE 74 03                           	JE	L55
   635 00000500 88 59 02                        	MOV	BYTE [2+ECX],BL
   636 00000503                                 L55:
   637 00000503 88 D0                           	MOV	AL,DL
   638 00000505 83 E0 10                        	AND	EAX,16
   639 00000508 84 C0                           	TEST	AL,AL
   640 0000050A 74 03                           	JE	L56
   641 0000050C 88 59 03                        	MOV	BYTE [3+ECX],BL
   642 0000050F                                 L56:
   643 0000050F 88 D0                           	MOV	AL,DL
   644 00000511 83 E0 08                        	AND	EAX,8
   645 00000514 84 C0                           	TEST	AL,AL
   646 00000516 74 03                           	JE	L57
   647 00000518 88 59 04                        	MOV	BYTE [4+ECX],BL
   648 0000051B                                 L57:
   649 0000051B 88 D0                           	MOV	AL,DL
   650 0000051D 83 E0 04                        	AND	EAX,4
   651 00000520 84 C0                           	TEST	AL,AL
   652 00000522 74 03                           	JE	L58
   653 00000524 88 59 05                        	MOV	BYTE [5+ECX],BL
   654 00000527                                 L58:
   655 00000527 88 D0                           	MOV	AL,DL
   656 00000529 83 E0 02                        	AND	EAX,2
   657 0000052C 84 C0                           	TEST	AL,AL
   658 0000052E 74 03                           	JE	L59
   659 00000530 88 59 06                        	MOV	BYTE [6+ECX],BL
   660 00000533                                 L59:
   661 00000533 83 E2 01                        	AND	EDX,1
   662 00000536 84 D2                           	TEST	DL,DL
   663 00000538 74 03                           	JE	L51
   664 0000053A 88 59 07                        	MOV	BYTE [7+ECX],BL
   665 0000053D                                 L51:
   666 0000053D 46                              	INC	ESI
   667 0000053E 83 FE 0F                        	CMP	ESI,15
   668 00000541 7E 8D                           	JLE	L61
   669 00000543 5B                              	POP	EBX
   670 00000544 5E                              	POP	ESI
   671 00000545 5F                              	POP	EDI
   672 00000546 5D                              	POP	EBP
   673 00000547 C3                              	RET
   674 00000548                                 	GLOBAL	_putfonts8_asc
   675 00000548                                 _putfonts8_asc:
   676 00000548 55                              	PUSH	EBP
   677 00000549 89 E5                           	MOV	EBP,ESP
   678 0000054B 57                              	PUSH	EDI
   679 0000054C 56                              	PUSH	ESI
   680 0000054D 53                              	PUSH	EBX
   681 0000054E 50                              	PUSH	EAX
   682 0000054F 8B 5D 1C                        	MOV	EBX,DWORD [28+EBP]
   683 00000552 8A 45 18                        	MOV	AL,BYTE [24+EBP]
   684 00000555 88 45 F3                        	MOV	BYTE [-13+EBP],AL
   685 00000558 8B 75 10                        	MOV	ESI,DWORD [16+EBP]
   686 0000055B 8B 7D 14                        	MOV	EDI,DWORD [20+EBP]
   687 0000055E 80 3B 00                        	CMP	BYTE [EBX],0
   688 00000561 75 08                           	JNE	L69
   689 00000563                                 L71:
   690 00000563 8D 65 F4                        	LEA	ESP,DWORD [-12+EBP]
   691 00000566 5B                              	POP	EBX
   692 00000567 5E                              	POP	ESI
   693 00000568 5F                              	POP	EDI
   694 00000569 5D                              	POP	EBP
   695 0000056A C3                              	RET
   696 0000056B                                 L69:
   697 0000056B 0F B6 03                        	MOVZX	EAX,BYTE [EBX]
   698 0000056E C1 E0 04                        	SAL	EAX,4
   699 00000571 43                              	INC	EBX
   700 00000572 05 [00000000]                   	ADD	EAX,_hankaku
   701 00000577 50                              	PUSH	EAX
   702 00000578 0F BE 45 F3                     	MOVSX	EAX,BYTE [-13+EBP]
   703 0000057C 50                              	PUSH	EAX
   704 0000057D 57                              	PUSH	EDI
   705 0000057E 56                              	PUSH	ESI
   706 0000057F 83 C6 08                        	ADD	ESI,8
   707 00000582 FF 75 0C                        	PUSH	DWORD [12+EBP]
   708 00000585 FF 75 08                        	PUSH	DWORD [8+EBP]
   709 00000588 E8 FFFFFF35                     	CALL	_putfont8
   710 0000058D 83 C4 18                        	ADD	ESP,24
   711 00000590 80 3B 00                        	CMP	BYTE [EBX],0
   712 00000593 75 D6                           	JNE	L69
   713 00000595 EB CC                           	JMP	L71
   714                                          [SECTION .data]
   715 00000030                                 _cursor.1:
   716 00000030 2A 2A 2A 2A 2A 2A 2A 2A 2A 2A   	DB	"**************.."
       0000003A 2A 2A 2A 2A 2E 2E 
   717 00000040 2A 4F 4F 4F 4F 4F 4F 4F 4F 4F   	DB	"*OOOOOOOOOOO*..."
       0000004A 4F 4F 2A 2E 2E 2E 
   718 00000050 2A 4F 4F 4F 4F 4F 4F 4F 4F 4F   	DB	"*OOOOOOOOOO*...."
       0000005A 4F 2A 2E 2E 2E 2E 
   719 00000060 2A 4F 4F 4F 4F 4F 4F 4F 4F 4F   	DB	"*OOOOOOOOO*....."
       0000006A 2A 2E 2E 2E 2E 2E 
   720 00000070 2A 4F 4F 4F 4F 4F 4F 4F 4F 2A   	DB	"*OOOOOOOO*......"
       0000007A 2E 2E 2E 2E 2E 2E 
   721 00000080 2A 4F 4F 4F 4F 4F 4F 4F 2A 2E   	DB	"*OOOOOOO*......."
       0000008A 2E 2E 2E 2E 2E 2E 
   722 00000090 2A 4F 4F 4F 4F 4F 4F 4F 2A 2E   	DB	"*OOOOOOO*......."
       0000009A 2E 2E 2E 2E 2E 2E 
   723 000000A0 2A 4F 4F 4F 4F 4F 4F 4F 4F 2A   	DB	"*OOOOOOOO*......"
       000000AA 2E 2E 2E 2E 2E 2E 
   724 000000B0 2A 4F 4F 4F 4F 2A 2A 4F 4F 4F   	DB	"*OOOO**OOO*....."
       000000BA 2A 2E 2E 2E 2E 2E 
   725 000000C0 2A 4F 4F 4F 2A 2E 2E 2A 4F 4F   	DB	"*OOO*..*OOO*...."
       000000CA 4F 2A 2E 2E 2E 2E 
   726 000000D0 2A 4F 4F 2A 2E 2E 2E 2E 2A 4F   	DB	"*OO*....*OOO*..."
       000000DA 4F 4F 2A 2E 2E 2E 
   727 000000E0 2A 4F 2A 2E 2E 2E 2E 2E 2E 2A   	DB	"*O*......*OOO*.."
       000000EA 4F 4F 4F 2A 2E 2E 
   728 000000F0 2A 2A 2E 2E 2E 2E 2E 2E 2E 2E   	DB	"**........*OOO*."
       000000FA 2A 4F 4F 4F 2A 2E 
   729 00000100 2A 2E 2E 2E 2E 2E 2E 2E 2E 2E   	DB	"*..........*OOO*"
       0000010A 2E 2A 4F 4F 4F 2A 
   730 00000110 2E 2E 2E 2E 2E 2E 2E 2E 2E 2E   	DB	"............*OO*"
       0000011A 2E 2E 2A 4F 4F 2A 
   731 00000120 2E 2E 2E 2E 2E 2E 2E 2E 2E 2E   	DB	".............***"
       0000012A 2E 2E 2E 2A 2A 2A 
   732                                          [SECTION .text]
   733 00000597                                 	GLOBAL	_init_mouse_cursor8
   734 00000597                                 _init_mouse_cursor8:
   735 00000597 55                              	PUSH	EBP
   736 00000598 89 E5                           	MOV	EBP,ESP
   737 0000059A 57                              	PUSH	EDI
   738 0000059B 56                              	PUSH	ESI
   739 0000059C 31 FF                           	XOR	EDI,EDI
   740 0000059E 53                              	PUSH	EBX
   741 0000059F 31 DB                           	XOR	EBX,EBX
   742 000005A1 50                              	PUSH	EAX
   743 000005A2 8A 45 0C                        	MOV	AL,BYTE [12+EBP]
   744 000005A5 8B 75 08                        	MOV	ESI,DWORD [8+EBP]
   745 000005A8 88 45 F3                        	MOV	BYTE [-13+EBP],AL
   746 000005AB                                 L85:
   747 000005AB 31 D2                           	XOR	EDX,EDX
   748 000005AD                                 L84:
   749 000005AD 8D 04 3A                        	LEA	EAX,DWORD [EDX+EDI*1]
   750 000005B0 80 B8 [00000030] 2A             	CMP	BYTE [_cursor.1+EAX],42
   751 000005B7 74 35                           	JE	L90
   752 000005B9                                 L81:
   753 000005B9 80 B8 [00000030] 4F             	CMP	BYTE [_cursor.1+EAX],79
   754 000005C0 74 26                           	JE	L91
   755 000005C2                                 L82:
   756 000005C2 80 B8 [00000030] 2E             	CMP	BYTE [_cursor.1+EAX],46
   757 000005C9 74 15                           	JE	L92
   758 000005CB                                 L79:
   759 000005CB 42                              	INC	EDX
   760 000005CC 83 FA 0F                        	CMP	EDX,15
   761 000005CF 7E DC                           	JLE	L84
   762 000005D1 43                              	INC	EBX
   763 000005D2 83 C7 10                        	ADD	EDI,16
   764 000005D5 83 FB 0F                        	CMP	EBX,15
   765 000005D8 7E D1                           	JLE	L85
   766 000005DA 58                              	POP	EAX
   767 000005DB 5B                              	POP	EBX
   768 000005DC 5E                              	POP	ESI
   769 000005DD 5F                              	POP	EDI
   770 000005DE 5D                              	POP	EBP
   771 000005DF C3                              	RET
   772 000005E0                                 L92:
   773 000005E0 8A 4D F3                        	MOV	CL,BYTE [-13+EBP]
   774 000005E3 88 0C 30                        	MOV	BYTE [EAX+ESI*1],CL
   775 000005E6 EB E3                           	JMP	L79
   776 000005E8                                 L91:
   777 000005E8 C6 04 30 07                     	MOV	BYTE [EAX+ESI*1],7
   778 000005EC EB D4                           	JMP	L82
   779 000005EE                                 L90:
   780 000005EE C6 04 30 00                     	MOV	BYTE [EAX+ESI*1],0
   781 000005F2 EB C5                           	JMP	L81
   782 000005F4                                 	GLOBAL	_putblock8_8
   783 000005F4                                 _putblock8_8:
   784 000005F4 55                              	PUSH	EBP
   785 000005F5 89 E5                           	MOV	EBP,ESP
   786 000005F7 57                              	PUSH	EDI
   787 000005F8 56                              	PUSH	ESI
   788 000005F9 31 F6                           	XOR	ESI,ESI
   789 000005FB 53                              	PUSH	EBX
   790 000005FC 83 EC 0C                        	SUB	ESP,12
   791 000005FF 3B 75 14                        	CMP	ESI,DWORD [20+EBP]
   792 00000602 7D 3E                           	JGE	L105
   793 00000604 31 FF                           	XOR	EDI,EDI
   794 00000606                                 L103:
   795 00000606 31 DB                           	XOR	EBX,EBX
   796 00000608 3B 5D 10                        	CMP	EBX,DWORD [16+EBP]
   797 0000060B 7D 2C                           	JGE	L107
   798 0000060D 8B 45 20                        	MOV	EAX,DWORD [32+EBP]
   799 00000610 01 F8                           	ADD	EAX,EDI
   800 00000612 89 45 EC                        	MOV	DWORD [-20+EBP],EAX
   801 00000615                                 L102:
   802 00000615 8B 45 1C                        	MOV	EAX,DWORD [28+EBP]
   803 00000618 8B 55 18                        	MOV	EDX,DWORD [24+EBP]
   804 0000061B 01 F0                           	ADD	EAX,ESI
   805 0000061D 01 DA                           	ADD	EDX,EBX
   806 0000061F 0F AF 45 0C                     	IMUL	EAX,DWORD [12+EBP]
   807 00000623 01 D0                           	ADD	EAX,EDX
   808 00000625 8B 4D 08                        	MOV	ECX,DWORD [8+EBP]
   809 00000628 8B 55 EC                        	MOV	EDX,DWORD [-20+EBP]
   810 0000062B 43                              	INC	EBX
   811 0000062C 8A 12                           	MOV	DL,BYTE [EDX]
   812 0000062E 88 14 08                        	MOV	BYTE [EAX+ECX*1],DL
   813 00000631 FF 45 EC                        	INC	DWORD [-20+EBP]
   814 00000634 3B 5D 10                        	CMP	EBX,DWORD [16+EBP]
   815 00000637 7C DC                           	JL	L102
   816 00000639                                 L107:
   817 00000639 46                              	INC	ESI
   818 0000063A 03 7D 24                        	ADD	EDI,DWORD [36+EBP]
   819 0000063D 3B 75 14                        	CMP	ESI,DWORD [20+EBP]
   820 00000640 7C C4                           	JL	L103
   821 00000642                                 L105:
   822 00000642 83 C4 0C                        	ADD	ESP,12
   823 00000645 5B                              	POP	EBX
   824 00000646 5E                              	POP	ESI
   825 00000647 5F                              	POP	EDI
   826 00000648 5D                              	POP	EBP
   827 00000649 C3                              	RET
   828 0000064A                                 	GLOBAL	_draw_cycle
   829 0000064A                                 _draw_cycle:
   830 0000064A 55                              	PUSH	EBP
   831 0000064B 89 E5                           	MOV	EBP,ESP
   832 0000064D 57                              	PUSH	EDI
   833 0000064E 56                              	PUSH	ESI
   834 0000064F 31 F6                           	XOR	ESI,ESI
   835 00000651 53                              	PUSH	EBX
   836 00000652 50                              	PUSH	EAX
   837 00000653 8A 45 20                        	MOV	AL,BYTE [32+EBP]
   838 00000656 3B 75 10                        	CMP	ESI,DWORD [16+EBP]
   839 00000659 88 45 F3                        	MOV	BYTE [-13+EBP],AL
   840 0000065C 7D 40                           	JGE	L121
   841 0000065E 31 FF                           	XOR	EDI,EDI
   842 00000660                                 L119:
   843 00000660 31 DB                           	XOR	EBX,EBX
   844 00000662 3B 5D 0C                        	CMP	EBX,DWORD [12+EBP]
   845 00000665 7D 2E                           	JGE	L123
   846 00000667 8B 45 08                        	MOV	EAX,DWORD [8+EBP]
   847 0000066A 8D 0C 38                        	LEA	ECX,DWORD [EAX+EDI*1]
   848 0000066D                                 L118:
   849 0000066D 89 D8                           	MOV	EAX,EBX
   850 0000066F 89 F2                           	MOV	EDX,ESI
   851 00000671 2B 45 14                        	SUB	EAX,DWORD [20+EBP]
   852 00000674 2B 55 18                        	SUB	EDX,DWORD [24+EBP]
   853 00000677 0F AF C0                        	IMUL	EAX,EAX
   854 0000067A 0F AF D2                        	IMUL	EDX,EDX
   855 0000067D 01 D0                           	ADD	EAX,EDX
   856 0000067F 8B 55 1C                        	MOV	EDX,DWORD [28+EBP]
   857 00000682 0F AF D2                        	IMUL	EDX,EDX
   858 00000685 39 D0                           	CMP	EAX,EDX
   859 00000687 7F 05                           	JG	L115
   860 00000689 8A 45 F3                        	MOV	AL,BYTE [-13+EBP]
   861 0000068C 88 01                           	MOV	BYTE [ECX],AL
   862 0000068E                                 L115:
   863 0000068E 43                              	INC	EBX
   864 0000068F 41                              	INC	ECX
   865 00000690 3B 5D 0C                        	CMP	EBX,DWORD [12+EBP]
   866 00000693 7C D8                           	JL	L118
   867 00000695                                 L123:
   868 00000695 46                              	INC	ESI
   869 00000696 03 7D 0C                        	ADD	EDI,DWORD [12+EBP]
   870 00000699 3B 75 10                        	CMP	ESI,DWORD [16+EBP]
   871 0000069C 7C C2                           	JL	L119
   872 0000069E                                 L121:
   873 0000069E 58                              	POP	EAX
   874 0000069F 5B                              	POP	EBX
   875 000006A0 5E                              	POP	ESI
   876 000006A1 5F                              	POP	EDI
   877 000006A2 5D                              	POP	EBP
   878 000006A3 C3                              	RET
